n:\year1\myfinances\myfinances\debug\vc141.pdb
n:\year1\myfinances\myfinances\debug\vc141.idb
n:\year1\myfinances\myfinances\debug\sqlite3.obj
n:\year1\myfinances\myfinances\debug\myfinances.obj
n:\year1\myfinances\myfinances\debug\eventmanager.obj
n:\year1\myfinances\myfinances\debug\sqlitewrapper.obj
n:\year1\myfinances\myfinances\debug\base64.obj
n:\year1\myfinances\myfinances\debug\applicationmanager.obj
n:\year1\myfinances\myfinances\debug\applicationmanagerclass.obj
n:\year1\myfinances\myfinances\debug\myfinances.pch
n:\year1\myfinances\myfinances\debug\eventmanagerclass.obj
n:\year1\myfinances\myfinances\debug\baseclass.obj
n:\year1\myfinances\myfinances\debug\controlclass.obj
n:\year1\myfinances\myfinances\debug\encryptionclass.obj
n:\year1\myfinances\myfinances\debug\sizestruct.obj
n:\year1\myfinances\myfinances\debug\windowclass.obj
n:\year1\myfinances\debug\myfinances.exe
n:\year1\myfinances\debug\myfinances.ilk
n:\year1\myfinances\debug\myfinances.pdb
n:\year1\myfinances\myfinances\debug\resource.res
n:\year1\myfinances\myfinances\debug\myfinances.tlog\cl.command.1.tlog
n:\year1\myfinances\myfinances\debug\myfinances.tlog\cl.read.1.tlog
n:\year1\myfinances\myfinances\debug\myfinances.tlog\cl.write.1.tlog
n:\year1\myfinances\myfinances\debug\myfinances.tlog\link.command.1.tlog
n:\year1\myfinances\myfinances\debug\myfinances.tlog\link.read.1.tlog
n:\year1\myfinances\myfinances\debug\myfinances.tlog\link.write.1.tlog
n:\year1\myfinances\myfinances\debug\myfinances.tlog\rc.command.1.tlog
n:\year1\myfinances\myfinances\debug\myfinances.tlog\rc.read.1.tlog
n:\year1\myfinances\myfinances\debug\myfinances.tlog\rc.write.1.tlog
